
> @OneCoach/api-core@0.0.0 type-check
> tsc --noEmit

src/routes/auth/password/confirm/route.ts(8,24): error TS6305: Output file '/Users/giulioleone/Sviluppo/CoachOne/packages/lib-core/dist/lib-core/src/prisma.d.ts' has not been built from source file '/Users/giulioleone/Sviluppo/CoachOne/packages/lib-core/src/prisma.ts'.
src/routes/auth/password/confirm/route.ts(11,49): error TS6305: Output file '/Users/giulioleone/Sviluppo/CoachOne/packages/lib-shared/dist/utils/error/index.d.ts' has not been built from source file '/Users/giulioleone/Sviluppo/CoachOne/packages/lib-shared/src/utils/error/index.ts'.
src/routes/auth/password/request/route.ts(8,24): error TS6305: Output file '/Users/giulioleone/Sviluppo/CoachOne/packages/lib-core/dist/lib-core/src/prisma.d.ts' has not been built from source file '/Users/giulioleone/Sviluppo/CoachOne/packages/lib-core/src/prisma.ts'.
src/routes/auth/password/request/route.ts(9,28): error TS6305: Output file '/Users/giulioleone/Sviluppo/CoachOne/packages/lib-shared/dist/id-generator.d.ts' has not been built from source file '/Users/giulioleone/Sviluppo/CoachOne/packages/lib-shared/src/id-generator.ts'.
src/routes/auth/password/request/route.ts(11,49): error TS6305: Output file '/Users/giulioleone/Sviluppo/CoachOne/packages/lib-shared/dist/utils/error/index.d.ts' has not been built from source file '/Users/giulioleone/Sviluppo/CoachOne/packages/lib-shared/src/utils/error/index.ts'.
src/routes/auth/register/route.ts(9,24): error TS6305: Output file '/Users/giulioleone/Sviluppo/CoachOne/packages/lib-core/dist/lib-core/src/prisma.d.ts' has not been built from source file '/Users/giulioleone/Sviluppo/CoachOne/packages/lib-core/src/prisma.ts'.
src/routes/auth/register/route.ts(12,35): error TS6305: Output file '/Users/giulioleone/Sviluppo/CoachOne/packages/lib-core/dist/lib-core/src/invitation.service.d.ts' has not been built from source file '/Users/giulioleone/Sviluppo/CoachOne/packages/lib-core/src/invitation.service.ts'.
src/routes/auth/register/route.ts(13,32): error TS6305: Output file '/Users/giulioleone/Sviluppo/CoachOne/packages/lib-core/dist/lib-core/src/consent.service.d.ts' has not been built from source file '/Users/giulioleone/Sviluppo/CoachOne/packages/lib-core/src/consent.service.ts'.
src/routes/auth/register/route.ts(14,49): error TS6305: Output file '/Users/giulioleone/Sviluppo/CoachOne/packages/lib-shared/dist/utils/error/index.d.ts' has not been built from source file '/Users/giulioleone/Sviluppo/CoachOne/packages/lib-shared/src/utils/error/index.ts'.
src/routes/auth/register/route.ts(76,39): error TS2307: Cannot find module '@/flags' or its corresponding type declarations.
src/routes/auth/register/route.ts(101,13): error TS6133: 'generateId' is declared but its value is never read.
src/routes/auth/register/route.ts(101,55): error TS6305: Output file '/Users/giulioleone/Sviluppo/CoachOne/packages/lib-shared/dist/id-generator.d.ts' has not been built from source file '/Users/giulioleone/Sviluppo/CoachOne/packages/lib-shared/src/id-generator.ts'.
src/routes/auth/register/route.ts(108,51): error TS7006: Parameter 'tx' implicitly has an 'any' type.
src/routes/auth/register/route.ts(125,9): error TS6305: Output file '/Users/giulioleone/Sviluppo/CoachOne/packages/lib-shared/dist/id-generator.d.ts' has not been built from source file '/Users/giulioleone/Sviluppo/CoachOne/packages/lib-shared/src/id-generator.ts'.
src/routes/credits/balance/route.ts(8,29): error TS6305: Output file '/Users/giulioleone/Sviluppo/CoachOne/packages/lib-core/dist/lib-core/src/auth/guards.d.ts' has not been built from source file '/Users/giulioleone/Sviluppo/CoachOne/packages/lib-core/src/auth/guards.ts'.
src/routes/credits/balance/route.ts(9,31): error TS6305: Output file '/Users/giulioleone/Sviluppo/CoachOne/packages/lib-core/dist/lib-core/src/credit.service.d.ts' has not been built from source file '/Users/giulioleone/Sviluppo/CoachOne/packages/lib-core/src/credit.service.ts'.
src/routes/credits/balance/route.ts(10,49): error TS6305: Output file '/Users/giulioleone/Sviluppo/CoachOne/packages/lib-shared/dist/utils/error/index.d.ts' has not been built from source file '/Users/giulioleone/Sviluppo/CoachOne/packages/lib-shared/src/utils/error/index.ts'.
src/routes/credits/history/route.ts(8,29): error TS6305: Output file '/Users/giulioleone/Sviluppo/CoachOne/packages/lib-core/dist/lib-core/src/auth/guards.d.ts' has not been built from source file '/Users/giulioleone/Sviluppo/CoachOne/packages/lib-core/src/auth/guards.ts'.
src/routes/credits/history/route.ts(9,31): error TS6305: Output file '/Users/giulioleone/Sviluppo/CoachOne/packages/lib-core/dist/lib-core/src/credit.service.d.ts' has not been built from source file '/Users/giulioleone/Sviluppo/CoachOne/packages/lib-core/src/credit.service.ts'.
src/routes/credits/history/route.ts(10,49): error TS6305: Output file '/Users/giulioleone/Sviluppo/CoachOne/packages/lib-shared/dist/utils/error/index.d.ts' has not been built from source file '/Users/giulioleone/Sviluppo/CoachOne/packages/lib-shared/src/utils/error/index.ts'.
src/routes/health/summary/route.ts(2,22): error TS2307: Cannot find module '@/server/auth' or its corresponding type declarations.
src/routes/health/summary/route.ts(3,20): error TS2307: Cannot find module '@/server/db' or its corresponding type declarations.
src/routes/health/summary/route.ts(4,49): error TS6305: Output file '/Users/giulioleone/Sviluppo/CoachOne/packages/lib-shared/dist/utils/error/index.d.ts' has not been built from source file '/Users/giulioleone/Sviluppo/CoachOne/packages/lib-shared/src/utils/error/index.ts'.
src/routes/health/sync/route.ts(2,22): error TS2307: Cannot find module '@/server/auth' or its corresponding type declarations.
src/routes/health/sync/route.ts(3,20): error TS2307: Cannot find module '@/server/db' or its corresponding type declarations.
src/routes/health/sync/route.ts(4,66): error TS6305: Output file '/Users/giulioleone/Sviluppo/CoachOne/packages/lib-shared/dist/utils/error/index.d.ts' has not been built from source file '/Users/giulioleone/Sviluppo/CoachOne/packages/lib-shared/src/utils/error/index.ts'.
src/routes/iap/restore-purchases/route.ts(2,22): error TS2307: Cannot find module '@/server/auth' or its corresponding type declarations.
src/routes/iap/restore-purchases/route.ts(3,20): error TS2307: Cannot find module '@/server/db' or its corresponding type declarations.
src/routes/iap/restore-purchases/route.ts(7,8): error TS6305: Output file '/Users/giulioleone/Sviluppo/CoachOne/packages/lib-core/dist/lib-core/src/iap-verification.server.d.ts' has not been built from source file '/Users/giulioleone/Sviluppo/CoachOne/packages/lib-core/src/iap-verification.server.ts'.
src/routes/iap/restore-purchases/route.ts(8,49): error TS6305: Output file '/Users/giulioleone/Sviluppo/CoachOne/packages/lib-shared/dist/utils/error/index.d.ts' has not been built from source file '/Users/giulioleone/Sviluppo/CoachOne/packages/lib-shared/src/utils/error/index.ts'.
src/routes/iap/restore-purchases/route.ts(69,43): error TS6305: Output file '/Users/giulioleone/Sviluppo/CoachOne/packages/lib-shared/dist/id-generator.d.ts' has not been built from source file '/Users/giulioleone/Sviluppo/CoachOne/packages/lib-shared/src/id-generator.ts'.
src/routes/iap/subscription-status/route.ts(2,22): error TS2307: Cannot find module '@/server/auth' or its corresponding type declarations.
src/routes/iap/subscription-status/route.ts(3,20): error TS2307: Cannot find module '@/server/db' or its corresponding type declarations.
src/routes/iap/subscription-status/route.ts(4,49): error TS6305: Output file '/Users/giulioleone/Sviluppo/CoachOne/packages/lib-shared/dist/utils/error/index.d.ts' has not been built from source file '/Users/giulioleone/Sviluppo/CoachOne/packages/lib-shared/src/utils/error/index.ts'.
src/routes/iap/verify-receipt/route.ts(2,22): error TS2307: Cannot find module '@/server/auth' or its corresponding type declarations.
src/routes/iap/verify-receipt/route.ts(3,20): error TS2307: Cannot find module '@/server/db' or its corresponding type declarations.
src/routes/iap/verify-receipt/route.ts(7,8): error TS6305: Output file '/Users/giulioleone/Sviluppo/CoachOne/packages/lib-core/dist/lib-core/src/iap-verification.server.d.ts' has not been built from source file '/Users/giulioleone/Sviluppo/CoachOne/packages/lib-core/src/iap-verification.server.ts'.
src/routes/iap/verify-receipt/route.ts(8,49): error TS6305: Output file '/Users/giulioleone/Sviluppo/CoachOne/packages/lib-shared/dist/utils/error/index.d.ts' has not been built from source file '/Users/giulioleone/Sviluppo/CoachOne/packages/lib-shared/src/utils/error/index.ts'.
src/routes/iap/verify-receipt/route.ts(54,41): error TS6305: Output file '/Users/giulioleone/Sviluppo/CoachOne/packages/lib-shared/dist/id-generator.d.ts' has not been built from source file '/Users/giulioleone/Sviluppo/CoachOne/packages/lib-shared/src/id-generator.ts'.
src/routes/invitations/validate/route.ts(2,35): error TS6305: Output file '/Users/giulioleone/Sviluppo/CoachOne/packages/lib-core/dist/lib-core/src/invitation.service.d.ts' has not been built from source file '/Users/giulioleone/Sviluppo/CoachOne/packages/lib-core/src/invitation.service.ts'.
src/routes/invitations/validate/route.ts(3,49): error TS6305: Output file '/Users/giulioleone/Sviluppo/CoachOne/packages/lib-shared/dist/utils/error/index.d.ts' has not been built from source file '/Users/giulioleone/Sviluppo/CoachOne/packages/lib-shared/src/utils/error/index.ts'.
src/routes/invitations/validate/route.ts(16,37): error TS2307: Cannot find module '@/flags' or its corresponding type declarations.
src/routes/onboarding/complete-all/route.ts(8,29): error TS6305: Output file '/Users/giulioleone/Sviluppo/CoachOne/packages/lib-core/dist/lib-core/src/auth/guards.d.ts' has not been built from source file '/Users/giulioleone/Sviluppo/CoachOne/packages/lib-core/src/auth/guards.ts'.
src/routes/onboarding/complete-all/route.ts(9,35): error TS6305: Output file '/Users/giulioleone/Sviluppo/CoachOne/packages/lib-core/dist/lib-core/src/index.d.ts' has not been built from source file '/Users/giulioleone/Sviluppo/CoachOne/packages/lib-core/src/index.ts'.
src/routes/onboarding/complete-all/route.ts(10,20): error TS6133: 'getErrorMessage' is declared but its value is never read.
src/routes/onboarding/complete-all/route.ts(10,66): error TS6305: Output file '/Users/giulioleone/Sviluppo/CoachOne/packages/lib-shared/dist/utils/error/index.d.ts' has not been built from source file '/Users/giulioleone/Sviluppo/CoachOne/packages/lib-shared/src/utils/error/index.ts'.
src/routes/onboarding/complete-step/route.ts(8,29): error TS6305: Output file '/Users/giulioleone/Sviluppo/CoachOne/packages/lib-core/dist/lib-core/src/auth/guards.d.ts' has not been built from source file '/Users/giulioleone/Sviluppo/CoachOne/packages/lib-core/src/auth/guards.ts'.
src/routes/onboarding/complete-step/route.ts(9,66): error TS6305: Output file '/Users/giulioleone/Sviluppo/CoachOne/packages/lib-core/dist/lib-core/src/index.d.ts' has not been built from source file '/Users/giulioleone/Sviluppo/CoachOne/packages/lib-core/src/index.ts'.
src/routes/onboarding/complete-step/route.ts(10,39): error TS2307: Cannot find module '@OneCoach/lib-core/user/onboarding-profile.service' or its corresponding type declarations.
src/routes/onboarding/complete-step/route.ts(12,43): error TS6305: Output file '/Users/giulioleone/Sviluppo/CoachOne/packages/lib-shared/dist/utils/error/index.d.ts' has not been built from source file '/Users/giulioleone/Sviluppo/CoachOne/packages/lib-shared/src/utils/error/index.ts'.
src/routes/onboarding/go-to-step/route.ts(8,29): error TS6305: Output file '/Users/giulioleone/Sviluppo/CoachOne/packages/lib-core/dist/lib-core/src/auth/guards.d.ts' has not been built from source file '/Users/giulioleone/Sviluppo/CoachOne/packages/lib-core/src/auth/guards.ts'.
src/routes/onboarding/go-to-step/route.ts(9,48): error TS6305: Output file '/Users/giulioleone/Sviluppo/CoachOne/packages/lib-core/dist/lib-core/src/index.d.ts' has not been built from source file '/Users/giulioleone/Sviluppo/CoachOne/packages/lib-core/src/index.ts'.
src/routes/onboarding/go-to-step/route.ts(11,20): error TS6133: 'getErrorMessage' is declared but its value is never read.
src/routes/onboarding/go-to-step/route.ts(11,66): error TS6305: Output file '/Users/giulioleone/Sviluppo/CoachOne/packages/lib-shared/dist/utils/error/index.d.ts' has not been built from source file '/Users/giulioleone/Sviluppo/CoachOne/packages/lib-shared/src/utils/error/index.ts'.
src/routes/onboarding/reset/route.ts(8,29): error TS6305: Output file '/Users/giulioleone/Sviluppo/CoachOne/packages/lib-core/dist/lib-core/src/auth/guards.d.ts' has not been built from source file '/Users/giulioleone/Sviluppo/CoachOne/packages/lib-core/src/auth/guards.ts'.
src/routes/onboarding/reset/route.ts(9,35): error TS6305: Output file '/Users/giulioleone/Sviluppo/CoachOne/packages/lib-core/dist/lib-core/src/index.d.ts' has not been built from source file '/Users/giulioleone/Sviluppo/CoachOne/packages/lib-core/src/index.ts'.
src/routes/onboarding/reset/route.ts(10,20): error TS6133: 'getErrorMessage' is declared but its value is never read.
src/routes/onboarding/reset/route.ts(10,66): error TS6305: Output file '/Users/giulioleone/Sviluppo/CoachOne/packages/lib-shared/dist/utils/error/index.d.ts' has not been built from source file '/Users/giulioleone/Sviluppo/CoachOne/packages/lib-shared/src/utils/error/index.ts'.
src/routes/onboarding/route.ts(8,29): error TS6305: Output file '/Users/giulioleone/Sviluppo/CoachOne/packages/lib-core/dist/lib-core/src/auth/guards.d.ts' has not been built from source file '/Users/giulioleone/Sviluppo/CoachOne/packages/lib-core/src/auth/guards.ts'.
src/routes/onboarding/route.ts(9,35): error TS6305: Output file '/Users/giulioleone/Sviluppo/CoachOne/packages/lib-core/dist/lib-core/src/index.d.ts' has not been built from source file '/Users/giulioleone/Sviluppo/CoachOne/packages/lib-core/src/index.ts'.
src/routes/onboarding/route.ts(10,49): error TS6305: Output file '/Users/giulioleone/Sviluppo/CoachOne/packages/lib-shared/dist/utils/error/index.d.ts' has not been built from source file '/Users/giulioleone/Sviluppo/CoachOne/packages/lib-shared/src/utils/error/index.ts'.
src/routes/payments/confirm/route.ts(8,29): error TS6305: Output file '/Users/giulioleone/Sviluppo/CoachOne/packages/lib-core/dist/lib-core/src/auth/guards.d.ts' has not been built from source file '/Users/giulioleone/Sviluppo/CoachOne/packages/lib-core/src/auth/guards.ts'.
src/routes/payments/confirm/route.ts(9,32): error TS6305: Output file '/Users/giulioleone/Sviluppo/CoachOne/packages/lib-core/dist/lib-core/src/index.d.ts' has not been built from source file '/Users/giulioleone/Sviluppo/CoachOne/packages/lib-core/src/index.ts'.
src/routes/payments/confirm/route.ts(10,66): error TS6305: Output file '/Users/giulioleone/Sviluppo/CoachOne/packages/lib-shared/dist/utils/error/index.d.ts' has not been built from source file '/Users/giulioleone/Sviluppo/CoachOne/packages/lib-shared/src/utils/error/index.ts'.
src/routes/payments/intent/route.ts(8,29): error TS6305: Output file '/Users/giulioleone/Sviluppo/CoachOne/packages/lib-core/dist/lib-core/src/auth/guards.d.ts' has not been built from source file '/Users/giulioleone/Sviluppo/CoachOne/packages/lib-core/src/auth/guards.ts'.
src/routes/payments/intent/route.ts(9,32): error TS6305: Output file '/Users/giulioleone/Sviluppo/CoachOne/packages/lib-core/dist/lib-core/src/index.d.ts' has not been built from source file '/Users/giulioleone/Sviluppo/CoachOne/packages/lib-core/src/index.ts'.
src/routes/payments/intent/route.ts(12,1): error TS6133: 'prisma' is declared but its value is never read.
src/routes/payments/intent/route.ts(12,24): error TS6305: Output file '/Users/giulioleone/Sviluppo/CoachOne/packages/lib-core/dist/lib-core/src/prisma.d.ts' has not been built from source file '/Users/giulioleone/Sviluppo/CoachOne/packages/lib-core/src/prisma.ts'.
src/routes/payments/intent/route.ts(14,49): error TS6305: Output file '/Users/giulioleone/Sviluppo/CoachOne/packages/lib-shared/dist/utils/error/index.d.ts' has not been built from source file '/Users/giulioleone/Sviluppo/CoachOne/packages/lib-shared/src/utils/error/index.ts'.
src/routes/payments/intent/route.ts(97,56): error TS2551: Property 'validatePromoCode' does not exist on type 'typeof PromotionService'. Did you mean 'validatePromotionCode'?
src/routes/payments/intent/route.ts(131,45): error TS2339: Property 'getPlanById' does not exist on type 'MarketplaceService'.
src/routes/payments/intent/route.ts(141,56): error TS2551: Property 'validatePromoCode' does not exist on type 'typeof PromotionService'. Did you mean 'validatePromotionCode'?
src/routes/policies/[slug]/route.ts(8,31): error TS6305: Output file '/Users/giulioleone/Sviluppo/CoachOne/packages/lib-core/dist/lib-core/src/policy.service.d.ts' has not been built from source file '/Users/giulioleone/Sviluppo/CoachOne/packages/lib-core/src/policy.service.ts'.
src/routes/policies/[slug]/route.ts(9,49): error TS6305: Output file '/Users/giulioleone/Sviluppo/CoachOne/packages/lib-shared/dist/utils/error/index.d.ts' has not been built from source file '/Users/giulioleone/Sviluppo/CoachOne/packages/lib-shared/src/utils/error/index.ts'.
src/routes/profile/maxes/[catalogExerciseId]/route.ts(11,29): error TS6305: Output file '/Users/giulioleone/Sviluppo/CoachOne/packages/lib-core/dist/lib-core/src/auth/guards.d.ts' has not been built from source file '/Users/giulioleone/Sviluppo/CoachOne/packages/lib-core/src/auth/guards.ts'.
src/routes/profile/maxes/[catalogExerciseId]/route.ts(12,34): error TS6305: Output file '/Users/giulioleone/Sviluppo/CoachOne/packages/lib-exercise/dist/one-rep-max.service.d.ts' has not been built from source file '/Users/giulioleone/Sviluppo/CoachOne/packages/lib-exercise/src/one-rep-max.service.ts'.
src/routes/profile/maxes/[catalogExerciseId]/route.ts(13,49): error TS6305: Output file '/Users/giulioleone/Sviluppo/CoachOne/packages/lib-shared/dist/utils/error/index.d.ts' has not been built from source file '/Users/giulioleone/Sviluppo/CoachOne/packages/lib-shared/src/utils/error/index.ts'.
src/routes/profile/maxes/[catalogExerciseId]/versions/route.ts(8,29): error TS6305: Output file '/Users/giulioleone/Sviluppo/CoachOne/packages/lib-core/dist/lib-core/src/auth/guards.d.ts' has not been built from source file '/Users/giulioleone/Sviluppo/CoachOne/packages/lib-core/src/auth/guards.ts'.
src/routes/profile/maxes/[catalogExerciseId]/versions/route.ts(9,34): error TS6305: Output file '/Users/giulioleone/Sviluppo/CoachOne/packages/lib-exercise/dist/one-rep-max.service.d.ts' has not been built from source file '/Users/giulioleone/Sviluppo/CoachOne/packages/lib-exercise/src/one-rep-max.service.ts'.
src/routes/profile/maxes/[catalogExerciseId]/versions/route.ts(10,49): error TS6305: Output file '/Users/giulioleone/Sviluppo/CoachOne/packages/lib-shared/dist/utils/error/index.d.ts' has not been built from source file '/Users/giulioleone/Sviluppo/CoachOne/packages/lib-shared/src/utils/error/index.ts'.
src/routes/profile/maxes/route.ts(11,29): error TS6305: Output file '/Users/giulioleone/Sviluppo/CoachOne/packages/lib-core/dist/lib-core/src/auth/guards.d.ts' has not been built from source file '/Users/giulioleone/Sviluppo/CoachOne/packages/lib-core/src/auth/guards.ts'.
src/routes/profile/maxes/route.ts(12,34): error TS6305: Output file '/Users/giulioleone/Sviluppo/CoachOne/packages/lib-exercise/dist/one-rep-max.service.d.ts' has not been built from source file '/Users/giulioleone/Sviluppo/CoachOne/packages/lib-exercise/src/one-rep-max.service.ts'.
src/routes/profile/maxes/route.ts(15,49): error TS6305: Output file '/Users/giulioleone/Sviluppo/CoachOne/packages/lib-shared/dist/utils/error/index.d.ts' has not been built from source file '/Users/giulioleone/Sviluppo/CoachOne/packages/lib-shared/src/utils/error/index.ts'.
src/routes/profile/route.ts(9,29): error TS6305: Output file '/Users/giulioleone/Sviluppo/CoachOne/packages/lib-core/dist/lib-core/src/auth/guards.d.ts' has not been built from source file '/Users/giulioleone/Sviluppo/CoachOne/packages/lib-core/src/auth/guards.ts'.
src/routes/profile/route.ts(10,36): error TS6305: Output file '/Users/giulioleone/Sviluppo/CoachOne/packages/lib-core/dist/lib-core/src/index.d.ts' has not been built from source file '/Users/giulioleone/Sviluppo/CoachOne/packages/lib-core/src/index.ts'.
src/routes/profile/route.ts(11,24): error TS6305: Output file '/Users/giulioleone/Sviluppo/CoachOne/packages/lib-core/dist/lib-core/src/prisma.d.ts' has not been built from source file '/Users/giulioleone/Sviluppo/CoachOne/packages/lib-core/src/prisma.ts'.
src/routes/profile/route.ts(20,8): error TS6305: Output file '/Users/giulioleone/Sviluppo/CoachOne/packages/lib-shared/dist/utils/error/index.d.ts' has not been built from source file '/Users/giulioleone/Sviluppo/CoachOne/packages/lib-shared/src/utils/error/index.ts'.
src/routes/profile/route.ts(21,40): error TS6305: Output file '/Users/giulioleone/Sviluppo/CoachOne/packages/lib-shared/dist/prisma-type-guards.d.ts' has not been built from source file '/Users/giulioleone/Sviluppo/CoachOne/packages/lib-shared/src/prisma-type-guards.ts'.
src/routes/profile/route.ts(116,13): error TS7022: 'error' implicitly has type 'any' because it does not have a type annotation and is referenced directly or indirectly in its own initializer.
src/routes/profile/route.ts(116,21): error TS2448: Block-scoped variable 'error' used before its declaration.
src/routes/profile/route.ts(345,13): error TS7022: 'error' implicitly has type 'any' because it does not have a type annotation and is referenced directly or indirectly in its own initializer.
src/routes/profile/route.ts(345,21): error TS2448: Block-scoped variable 'error' used before its declaration.
src/routes/profile/route.ts(369,20): error TS18046: 'error' is of type 'unknown'.
src/routes/profile/route.ts(370,19): error TS18046: 'error' is of type 'unknown'.
src/routes/profile/tax-info/route.ts(8,32): error TS6305: Output file '/Users/giulioleone/Sviluppo/CoachOne/packages/lib-core/dist/lib-core/src/auth/session.d.ts' has not been built from source file '/Users/giulioleone/Sviluppo/CoachOne/packages/lib-core/src/auth/session.ts'.
src/routes/profile/tax-info/route.ts(9,24): error TS6305: Output file '/Users/giulioleone/Sviluppo/CoachOne/packages/lib-core/dist/lib-core/src/prisma.d.ts' has not been built from source file '/Users/giulioleone/Sviluppo/CoachOne/packages/lib-core/src/prisma.ts'.
src/routes/profile/tax-info/route.ts(10,49): error TS6305: Output file '/Users/giulioleone/Sviluppo/CoachOne/packages/lib-shared/dist/utils/error/index.d.ts' has not been built from source file '/Users/giulioleone/Sviluppo/CoachOne/packages/lib-shared/src/utils/error/index.ts'.
src/routes/subscriptions/create/route.ts(8,29): error TS6305: Output file '/Users/giulioleone/Sviluppo/CoachOne/packages/lib-core/dist/lib-core/src/auth/guards.d.ts' has not been built from source file '/Users/giulioleone/Sviluppo/CoachOne/packages/lib-core/src/auth/guards.ts'.
src/routes/subscriptions/create/route.ts(9,37): error TS6305: Output file '/Users/giulioleone/Sviluppo/CoachOne/packages/lib-core/dist/lib-core/src/index.d.ts' has not been built from source file '/Users/giulioleone/Sviluppo/CoachOne/packages/lib-core/src/index.ts'.
src/routes/subscriptions/create/route.ts(11,49): error TS6305: Output file '/Users/giulioleone/Sviluppo/CoachOne/packages/lib-shared/dist/utils/error/index.d.ts' has not been built from source file '/Users/giulioleone/Sviluppo/CoachOne/packages/lib-shared/src/utils/error/index.ts'.
src/routes/subscriptions/create/route.ts(35,49): error TS6305: Output file '/Users/giulioleone/Sviluppo/CoachOne/packages/lib-core/dist/lib-core/src/index.d.ts' has not been built from source file '/Users/giulioleone/Sviluppo/CoachOne/packages/lib-core/src/index.ts'.
src/routes/subscriptions/create/route.ts(61,42): error TS2339: Property 'payment_intent' does not exist on type '{}'.
src/routes/subscriptions/create/route.ts(63,24): error TS2339: Property 'status' does not exist on type '{}'.
src/routes/subscriptions/create/route.ts(66,37): error TS2339: Property 'client_secret' does not exist on type '{}'.
src/routes/subscriptions/manage/route.ts(10,29): error TS6305: Output file '/Users/giulioleone/Sviluppo/CoachOne/packages/lib-core/dist/lib-core/src/auth/guards.d.ts' has not been built from source file '/Users/giulioleone/Sviluppo/CoachOne/packages/lib-core/src/auth/guards.ts'.
src/routes/subscriptions/manage/route.ts(11,37): error TS6305: Output file '/Users/giulioleone/Sviluppo/CoachOne/packages/lib-core/dist/lib-core/src/index.d.ts' has not been built from source file '/Users/giulioleone/Sviluppo/CoachOne/packages/lib-core/src/index.ts'.
src/routes/subscriptions/manage/route.ts(12,27): error TS2307: Cannot find module '@OneCoach/lib-core/stripe/server' or its corresponding type declarations.
src/routes/subscriptions/manage/route.ts(13,24): error TS6305: Output file '/Users/giulioleone/Sviluppo/CoachOne/packages/lib-core/dist/lib-core/src/prisma.d.ts' has not been built from source file '/Users/giulioleone/Sviluppo/CoachOne/packages/lib-core/src/prisma.ts'.
src/routes/subscriptions/manage/route.ts(15,66): error TS6305: Output file '/Users/giulioleone/Sviluppo/CoachOne/packages/lib-shared/dist/utils/error/index.d.ts' has not been built from source file '/Users/giulioleone/Sviluppo/CoachOne/packages/lib-shared/src/utils/error/index.ts'.
src/routes/subscriptions/setup-intent/route.ts(8,29): error TS6305: Output file '/Users/giulioleone/Sviluppo/CoachOne/packages/lib-core/dist/lib-core/src/auth/guards.d.ts' has not been built from source file '/Users/giulioleone/Sviluppo/CoachOne/packages/lib-core/src/auth/guards.ts'.
src/routes/subscriptions/setup-intent/route.ts(9,37): error TS6305: Output file '/Users/giulioleone/Sviluppo/CoachOne/packages/lib-core/dist/lib-core/src/index.d.ts' has not been built from source file '/Users/giulioleone/Sviluppo/CoachOne/packages/lib-core/src/index.ts'.
src/routes/subscriptions/setup-intent/route.ts(11,49): error TS6305: Output file '/Users/giulioleone/Sviluppo/CoachOne/packages/lib-shared/dist/utils/error/index.d.ts' has not been built from source file '/Users/giulioleone/Sviluppo/CoachOne/packages/lib-shared/src/utils/error/index.ts'.
